<?xml version="1.0" encoding="UTF-8"?>
<!-- Generated by org.testng.reporters.JUnitReportReporter -->
<testsuite hostname="INLEN8520032813" failures="0" tests="1" name="StepDefinition.TestRunner" time="38.061" errors="0" timestamp="18 Apr 2022 05:26:15 GMT">
  <testcase classname="StepDefinition.TestRunner" name="runScenario" time="38.061"/>
</testsuite> <!-- StepDefinition.TestRunner -->
