<?xml version="1.0" encoding="UTF-8"?>
<!-- Generated by org.testng.reporters.JUnitReportReporter -->
<testsuite hostname="INLEN8520032813" failures="0" tests="6" name="StepDefinition.ExtentReportOnSearching" time="48.207" errors="0" timestamp="18 Apr 2022 05:27:25 GMT">
  <testcase classname="StepDefinition.ExtentReportOnSearching" name="search_price" time="9.656"/>
  <testcase classname="StepDefinition.ExtentReportOnSearching" name="data_search_box" time="4.098"/>
  <testcase classname="StepDefinition.ExtentReportOnSearching" name="search_box_click" time="9.805"/>
  <testcase classname="StepDefinition.ExtentReportOnSearching" name="searchship_option" time="10.006"/>
  <testcase classname="StepDefinition.ExtentReportOnSearching" name="getURL" time="5.639"/>
  <testcase classname="StepDefinition.ExtentReportOnSearching" name="search_location" time="9.003"/>
</testsuite> <!-- StepDefinition.ExtentReportOnSearching -->
